# JRE version: Java(TM) SE Runtime Environment (8.0_112-b16) (build 1.8.0_112-b16)
# Java VM: Java HotSpot(TM) 64-Bit Server VM (25.112-b16 mixed mode bsd-amd64 compressed oops)
Heap:
 PSYoungGen      total 429056K, used 46257K [0x00000007a0000000, 0x00000007c0000000, 0x00000007c0000000)
  eden space 340992K, 0% used [0x00000007a0000000,0x00000007a0000000,0x00000007b4d00000)
  from space 88064K, 52% used [0x00000007b4d00000,0x00000007b7a2c608,0x00000007ba300000)
  to   space 90112K, 0% used [0x00000007ba800000,0x00000007ba800000,0x00000007c0000000)
 ParOldGen       total 394240K, used 350861K [0x0000000760000000, 0x0000000778100000, 0x00000007a0000000)
  object space 394240K, 88% used [0x0000000760000000,0x00000007756a37e0,0x0000000778100000)
 Metaspace       used 360873K, capacity 381682K, committed 381760K, reserved 1378304K
  class space    used 48277K, capacity 52838K, committed 52864K, reserved 1048576K
GC Heap History (10 events):
Event: 5955.823 GC heap after
Heap after GC invocations=115 (full 6):
 PSYoungGen      total 449024K, used 71140K [0x00000007a0000000, 0x00000007c0000000, 0x00000007c0000000)
  eden space 377856K, 0% used [0x00000007a0000000,0x00000007a0000000,0x00000007b7100000)
  from space 71168K, 99% used [0x00000007b7100000,0x00000007bb679050,0x00000007bb680000)
  to   space 75264K, 0% used [0x00000007bb680000,0x00000007bb680000,0x00000007c0000000)
 ParOldGen       total 394240K, used 347569K [0x0000000760000000, 0x0000000778100000, 0x00000007a0000000)
  object space 394240K, 88% used [0x0000000760000000,0x000000077536c4e0,0x0000000778100000)
 Metaspace       used 351330K, capacity 371680K, committed 371904K, reserved 1370112K
  class space    used 47054K, capacity 51434K, committed 51456K, reserved 1048576K
}
Event: 5956.935 GC heap before
{Heap before GC invocations=116 (full 6):
 PSYoungGen      total 449024K, used 448996K [0x00000007a0000000, 0x00000007c0000000, 0x00000007c0000000)
  eden space 377856K, 100% used [0x00000007a0000000,0x00000007b7100000,0x00000007b7100000)
  from space 71168K, 99% used [0x00000007b7100000,0x00000007bb679050,0x00000007bb680000)
  to   space 75264K, 0% used [0x00000007bb680000,0x00000007bb680000,0x00000007c0000000)
 ParOldGen       total 394240K, used 347569K [0x0000000760000000, 0x0000000778100000, 0x00000007a0000000)
  object space 394240K, 88% used [0x0000000760000000,0x000000077536c4e0,0x0000000778100000)
 Metaspace       used 351330K, capacity 371680K, committed 371904K, reserved 1370112K
  class space    used 47054K, capacity 51434K, committed 51456K, reserved 1048576K
Event: 5956.944 GC heap after
Heap after GC invocations=116 (full 6):
 PSYoungGen      total 413184K, used 1056K [0x00000007a0000000, 0x00000007c0000000, 0x00000007c0000000)
  eden space 337920K, 0% used [0x00000007a0000000,0x00000007a0000000,0x00000007b4a00000)
  from space 75264K, 1% used [0x00000007bb680000,0x00000007bb788000,0x00000007c0000000)
  to   space 93184K, 0% used [0x00000007b4a00000,0x00000007b4a00000,0x00000007ba500000)
 ParOldGen       total 394240K, used 349135K [0x0000000760000000, 0x0000000778100000, 0x00000007a0000000)
  object space 394240K, 88% used [0x0000000760000000,0x00000007754f3de0,0x0000000778100000)
 Metaspace       used 351330K, capacity 371680K, committed 371904K, reserved 1370112K
  class space    used 47054K, capacity 51434K, committed 51456K, reserved 1048576K
}
Event: 5957.604 GC heap before
{Heap before GC invocations=117 (full 6):
 PSYoungGen      total 413184K, used 338903K [0x00000007a0000000, 0x00000007c0000000, 0x00000007c0000000)
  eden space 337920K, 99% used [0x00000007a0000000,0x00000007b49edc18,0x00000007b4a00000)
  from space 75264K, 1% used [0x00000007bb680000,0x00000007bb788000,0x00000007c0000000)
  to   space 93184K, 0% used [0x00000007b4a00000,0x00000007b4a00000,0x00000007ba500000)
 ParOldGen       total 394240K, used 349135K [0x0000000760000000, 0x0000000778100000, 0x00000007a0000000)
  object space 394240K, 88% used [0x0000000760000000,0x00000007754f3de0,0x0000000778100000)
 Metaspace       used 351332K, capacity 371686K, committed 371904K, reserved 1370112K
  class space    used 47055K, capacity 51435K, committed 51456K, reserved 1048576K
Event: 5957.613 GC heap after
Heap after GC invocations=117 (full 6):
 PSYoungGen      total 431104K, used 7271K [0x00000007a0000000, 0x00000007c0000000, 0x00000007c0000000)
  eden space 337920K, 0% used [0x00000007a0000000,0x00000007a0000000,0x00000007b4a00000)
  from space 93184K, 7% used [0x00000007b4a00000,0x00000007b5119ee8,0x00000007ba500000)
  to   space 90112K, 0% used [0x00000007ba800000,0x00000007ba800000,0x00000007c0000000)
 ParOldGen       total 394240K, used 349223K [0x0000000760000000, 0x0000000778100000, 0x00000007a0000000)
  object space 394240K, 88% used [0x0000000760000000,0x0000000775509de0,0x0000000778100000)
 Metaspace       used 351332K, capacity 371686K, committed 371904K, reserved 1370112K
  class space    used 47055K, capacity 51435K, committed 51456K, reserved 1048576K
}
Event: 5957.659 GC heap before
{Heap before GC invocations=118 (full 6):
 PSYoungGen      total 431104K, used 344727K [0x00000007a0000000, 0x00000007c0000000, 0x00000007c0000000)
  eden space 337920K, 99% used [0x00000007a0000000,0x00000007b498bd70,0x00000007b4a00000)
  from space 93184K, 7% used [0x00000007b4a00000,0x00000007b5119ee8,0x00000007ba500000)
  to   space 90112K, 0% used [0x00000007ba800000,0x00000007ba800000,0x00000007c0000000)
 ParOldGen       total 394240K, used 349223K [0x0000000760000000, 0x0000000778100000, 0x00000007a0000000)
  object space 394240K, 88% used [0x0000000760000000,0x0000000775509de0,0x0000000778100000)
 Metaspace       used 351332K, capacity 371686K, committed 371904K, reserved 1370112K
  class space    used 47055K, capacity 51435K, committed 51456K, reserved 1048576K
Event: 5957.667 GC heap after
Heap after GC invocations=118 (full 6):
 PSYoungGen      total 423936K, used 96K [0x00000007a0000000, 0x00000007bf900000, 0x00000007c0000000)
  eden space 340992K, 0% used [0x00000007a0000000,0x00000007a0000000,0x00000007b4d00000)
  from space 82944K, 0% used [0x00000007ba800000,0x00000007ba818000,0x00000007bf900000)
  to   space 88064K, 0% used [0x00000007b4d00000,0x00000007b4d00000,0x00000007ba300000)
 ParOldGen       total 394240K, used 350829K [0x0000000760000000, 0x0000000778100000, 0x00000007a0000000)
  object space 394240K, 88% used [0x0000000760000000,0x000000077569b7e0,0x0000000778100000)
 Metaspace       used 351332K, capacity 371686K, committed 371904K, reserved 1370112K
  class space    used 47055K, capacity 51435K, committed 51456K, reserved 1048576K
}
Event: 5979.516 GC heap before
{Heap before GC invocations=119 (full 6):
 PSYoungGen      total 423936K, used 234103K [0x00000007a0000000, 0x00000007bf900000, 0x00000007c0000000)
  eden space 340992K, 68% used [0x00000007a0000000,0x00000007ae485e50,0x00000007b4d00000)
  from space 82944K, 0% used [0x00000007ba800000,0x00000007ba818000,0x00000007bf900000)
  to   space 88064K, 0% used [0x00000007b4d00000,0x00000007b4d00000,0x00000007ba300000)
 ParOldGen       total 394240K, used 350829K [0x0000000760000000, 0x0000000778100000, 0x00000007a0000000)
  object space 394240K, 88% used [0x0000000760000000,0x000000077569b7e0,0x0000000778100000)
 Metaspace       used 360873K, capacity 381682K, committed 381760K, reserved 1378304K
  class space    used 48277K, capacity 52838K, committed 52864K, reserved 1048576K
Event: 5979.534 GC heap after
Heap after GC invocations=119 (full 6):
 PSYoungGen      total 429056K, used 46257K [0x00000007a0000000, 0x00000007c0000000, 0x00000007c0000000)
  eden space 340992K, 0% used [0x00000007a0000000,0x00000007a0000000,0x00000007b4d00000)
  from space 88064K, 52% used [0x00000007b4d00000,0x00000007b7a2c608,0x00000007ba300000)
  to   space 90112K, 0% used [0x00000007ba800000,0x00000007ba800000,0x00000007c0000000)
 ParOldGen       total 394240K, used 350861K [0x0000000760000000, 0x0000000778100000, 0x00000007a0000000)
  object space 394240K, 88% used [0x0000000760000000,0x00000007756a37e0,0x0000000778100000)
 Metaspace       used 360873K, capacity 381682K, committed 381760K, reserved 1378304K
  class space    used 48277K, capacity 52838K, committed 52864K, reserved 1048576K
}
Event: 5979.534 GC heap before
{Heap before GC invocations=120 (full 7):
 PSYoungGen      total 429056K, used 46257K [0x00000007a0000000, 0x00000007c0000000, 0x00000007c0000000)
  eden space 340992K, 0% used [0x00000007a0000000,0x00000007a0000000,0x00000007b4d00000)
  from space 88064K, 52% used [0x00000007b4d00000,0x00000007b7a2c608,0x00000007ba300000)
  to   space 90112K, 0% used [0x00000007ba800000,0x00000007ba800000,0x00000007c0000000)
 ParOldGen       total 394240K, used 350861K [0x0000000760000000, 0x0000000778100000, 0x00000007a0000000)
  object space 394240K, 88% used [0x0000000760000000,0x00000007756a37e0,0x0000000778100000)
 Metaspace       used 360873K, capacity 381682K, committed 381760K, reserved 1378304K
  class space    used 48277K, capacity 52838K, committed 52864K, reserved 1048576K

